  CVTest.cpp
E:\AAA_myself\visualstudio2019\ImgTest\Project1\CVTest.cpp(63,45): warning C4267: “初始化”: 从“size_t”转换到“int”，可能丢失数据
E:\AAA_myself\visualstudio2019\ImgTest\Project1\CVTest.cpp(86,14): warning C4244: “初始化”: 从“_Ty”转换到“int”，可能丢失数据
          with
          [
              _Ty=double
          ]
E:\AAA_myself\visualstudio2019\ImgTest\Project1\CVTest.cpp(87,14): warning C4244: “初始化”: 从“_Ty”转换到“int”，可能丢失数据
          with
          [
              _Ty=double
          ]
E:\AAA_myself\visualstudio2019\ImgTest\Project1\CVTest.cpp(89,31): warning C4244: “=”: 从“_Ty”转换到“_Tp”，可能丢失数据
          with
          [
              _Ty=double
          ]
          and
          [
              _Tp=uchar
          ]
E:\AAA_myself\visualstudio2019\ImgTest\Project1\CVTest.cpp(90,31): warning C4244: “=”: 从“_Ty”转换到“_Tp”，可能丢失数据
          with
          [
              _Ty=double
          ]
          and
          [
              _Tp=uchar
          ]
E:\AAA_myself\visualstudio2019\ImgTest\Project1\CVTest.cpp(91,31): warning C4244: “=”: 从“_Ty”转换到“_Tp”，可能丢失数据
          with
          [
              _Ty=double
          ]
          and
          [
              _Tp=uchar
          ]
E:\AAA_myself\visualstudio2019\ImgTest\Project1\CVTest.cpp(110,42): warning C4474: fprintf: 格式字符串中传递的参数太多
E:\AAA_myself\visualstudio2019\ImgTest\Project1\CVTest.cpp(110,42): message : 占位符和其参数预计 0 可变参数，但提供的却是 1 参数
  Project1.vcxproj -> E:\AAA_myself\visualstudio2019\ImgTest\Project1\x64\Debug\Project1.exe
